_ensure_xdg_paths
__printf
info
warn
okay
trace
error
fatal
__confirm
__prompt
identify
options
_filter_args
is_repo
is_main
has_commits
has_semver
is_not_staged
is_dev
is_quiet
is_force
command_exists
function_exists
is_empty
is_valid_semver
is_file
is_dir
is_writable
this_branch
this_user
this_project
which_main
last_commit
since_last
__git_list_tags
__git_latest_tag
__git_latest_semver
__git_tag_create
__git_tag_delete
__git_push_tags
__git_build_count
__git_remote_build_count
__git_status_count
__git_fetch_tags
split_vers
_validate_version_format
do_compare_versions
do_is_greater
do_test_semver
do_latest_tag
do_latest_semver
do_change_count
do_next_semver
do_build_file
__print_build_info
_do_retag
do_bump
do_days_ago
do_since_pretty
do_info
do_pending
do_last
do_status
do_fetch_tags
do_tags
do_inspect
do_label_help
do_auto
_detect_project_type
_detect_bash_project
_validate_project_structure
_get_project_version
is_rust_project
is_js_project
is_python_project
is_bash_project
has_multiple_project_types
get_primary_project_type
__parse_cargo_version
__write_cargo_version
__parse_package_version
__write_package_version
__parse_pyproject_version
__write_pyproject_version
__parse_bash_version
__write_bash_version
__parse_cursor_version
__write_cursor_version
do_sync
do_validate
do_drift
_gather_all_versions
_find_highest_version
_sync_all_sources
_show_version_drift
_update_cursor_sync_info
do_sync_rust
do_sync_js
do_sync_python
do_sync_bash
_show_last_sync_info
do_pre_commit
_check_version_files_staged
_stage_version_files
do_release
do_build_file_with_sync
dispatch
usage
main
